<?xml version="1.0" encoding="UTF-8"?>
<!-- Generated by org.testng.reporters.JUnitReportReporter -->
<testsuite hostname="Raymonds-MacBook-Pro.local" failures="0" tests="1" name="TestRunner" time="4.845" errors="0" timestamp="2024-02-18T12:53:58 EST" skipped="0">
  <testcase classname="TestRunner" name="runScenario" time="4.845"/>
</testsuite> <!-- TestRunner -->
